---
  0 info pnpm: "A store server is running. All store manipulations are delegated to it."
  1 warn pnpm: "using --shamefully-flatten is discouraged, you should declare all of your dependencies in package.json"
  2 debug pnpm:package-json: 
    initial: 
      name: "twitter-bot-bootstrap"
      version: "0.2.1"
      description: "A bootstrap for a twitter bot!"
      main: "index.js"
      scripts: 
        start: "node index.js"
        test: "snyk test && node index.js"
        snyk-protect: "snyk protect contributor --yes"
        prepublish: "npm run snyk-protect"
        deploy: "now -E"
        format: "prettier es5 --no-semi --single-quote --write src/**/*.js"
        contrib: "contributor"
      pre-commit: 
        - "format"
      devDependencies: 
        contributor: "0.1.25"
        prettier: "1.13.1"
      dependencies: 
        console.lol: "0.1.2"
      now: 
        alias: "twitter-bot-bootstrap"
      repository: 
        type: "git"
        url: "git+https://github.com/spences10/twitter-bot-bootstrap.git"
      keywords: 
        - "twitter"
        - "bot"
        - "bootstrap"
      author: 
        name: "Scott Spence"
        email: "spences10apps@gmail.com"
        url: "https://blog.scottspence.me/"
      license: "MIT"
      bugs: 
        url: "https://github.com/spences10/twitter-bot-bootstrap/issues"
      homepage: "https://github.com/spences10/twitter-bot-bootstrap#readme"
      snyk: true
      contributors: 
        - 
          name: "Martius"
          url: "https://github.com/martiuslim"
        - 
          name: "Snyk bot"
          url: "https://github.com/snyk-bot"
        - 
          name: "Joshua Vaage"
          url: "https://github.com/whaleen"
        - 
          name: "Sergio Ruiz"
          url: "https://github.com/serginator"
        - 
          name: "Scott Spence"
          url: "https://github.com/spences10"
        - 
          name: "Will Hurley"
          url: "https://github.com/wjhurley"
        - 
          name: "Millan Sanchez"
          url: "https://github.com/masdc"
        - 
          name: "Paul Abrams"
          url: "https://github.com/pabrams"
        - 
          name: "Jade Thornton"
          url: "https://github.com/Raindeer44"
        - 
          name: "Nikki L.R."
          url: "https://github.com/nikkilr88"
      readme: "# Twitter bot bootstrap\n\n[![Greenkeeper badge](https://badges.greenkeeper.io/spences10/twitter-bot-bootstrap.svg)](https://greenkeeper.io/) [![license](https://img.shields.io/github/license/mashape/apistatus.svg)](http://opensource.org/licenses/MIT) [![Chat](https://badges.gitter.im/awesome-twitter-bots/Lobby.svg)][gitter-url]\n\n<!--links-->\n[gitter-url]: https://gitter.im/awesome-twitter-bots/Lobby?utm_source=badge&utm_medium=badge&utm_campaign=pr-badge&utm_content=badge\n\n<details>\n  <summary>Click to expand TOC</summary>\n\n<!-- TOC -->\n\n- [Twitter bot bootstrap](#twitter-bot-bootstrap)\n  - [What you'll need](#what-youll-need)\n  - [Setup twitter](#setup-twitter)\n  - [Setup development environment](#setup-development-environment)\n  - [Node 8](#node-8)\n  - [Set up the bot](#set-up-the-bot)\n  - [Project structure](#project-structure)\n  - [Node dependencies](#node-dependencies)\n  - [Deploy with now](#deploy-with-now)\n  - [Handy tip](#handy-tip)\n  - [Links](#links)\n  - [License](#license)\n\n<!-- /TOC -->\n\n</details>\n\nThis is a bootstrap for setting up a simple Twitter bot with Node.js using the npm `twit` module. The bot will retweet what you specify when configuring it. It will also reply to followers with a selection of canned responses.\n\nAs a primer for this, there is a great post by [@amanhimself](https://twitter.com/amanhimself) on making your own twitter bot, check it out in the **Links** section. This is an expansion on that with further detail on configuration and deployment with `now` from Zeit.\n\nBefore starting the clock you'll need to set up some accounts if you don't have them already.\n\n## What you'll need\n\n- Twitter account\n- Development environment with Node.js and npm\n- [Zeit account](https://zeit.co/login)\n\n## Setup twitter\n\nSet up an application on the Twitter account you want to retweet from via: [https://apps.twitter.com/app/new](https://apps.twitter.com/app/new)\n\nAs an example, I'll configure the old [@DroidScott](twitter.com/droidscott) twitter account I have so you can follow along.\n\nStraight forward enough for the twitter application, make sure you add your phone number to your Twitter account before clicking the **Create your Twitter application** button.\n\n![](/images/twitter-application-setup.png)\n\nYou should now be in the 'Application Management' section where you will need to take note of your keys. You should have your 'Consumer Key (API Key)' and 'Consumer Secret (API Secret)' already available. You'll need to scroll to the bottom of the page and click the **Create my access token** to get the 'Access Token' and 'Access Token Secret' take note of all four of them as you'll need them when setting up the bot.\n\n## Setup development environment\n\nIf you don't already have a dev environment with node installed then for a quick-start I'd suggest using [Cloud9](https://c9.io/) you can be up and running in minutes with one of the pre made Node.js environments.\n\nNote that in some regions you will be prompted to enter credit card information to use Cloud9 you will not be charged, there are other options to use like [Glitch](https://glitch.com) if you don't have a credit card. For this guide I'm going to be using Cloud9 which is what will be in the images.\n\n![](/images/c9-node-env.png)\n\n## Node 8\n\nIf you're using a c9 environment then you'll need to upgrade `node` which I think comes pre-installed at version 6 which will cause some errors with the code in this repository, so we're going to go with version 8 for this, so, in the terminal:\n\n```shell\nnvm install 8 # install node 8\nnvm use 8 # set it to use node 8\nnvm alias default 8 # default to 8 so version persists after reboots\n```\n\n`nvm` stands for Node Version Manager which comes installed by default on c9 machines :+1:\n\n## Set up the bot\n\nIn the project tree for the default c9 node application delete the example project files of `client`, `node_modules`, `package.json`, `README.md` and `server.js`. You won't need them, but you can leave them there if you so desire.\n\n![](/images/delete-c9-starter.gif)\n\nIn your new Node.js c9 environment go to the terminal and enter:\n\n```shell\ngit clone https://github.com/spences10/twitter-bot-bootstrap\n```\n\n## Project structure\n\nThe environment project tree will look something like this:\n\n```text\ntwitter-bot-bootstrap/\n├─ images\n├─ node_modules/\n├─ src/\n│  ├─ api\n│  │  ├─ reply.js\n│  │  └─ retweet.js\n│  ├─ bot.js\n│  ├─ config.js\n│  └─ rando.js\n├─ .env\n├─ .gitignore\n├─ .snyk\n├─ CODE_OF_CONDUCT.md\n├─ CONTRIBUTING.md\n├─ LICENSE\n├─ README.md\n├─ index.js\n├─ package-lock.json\n└─ package.json\n```\n\n## Node dependencies\n\nBefore configuring the bot we'll need to install the dependencies, cd into the project folder with `cd tw*` in the terminal this will move you to `:~/workspace/twitter-bot-bootstrap (master) $ ` from the terminal enter:\n\n```shell\nnpm install\n```\n\nThis will install all the dependencies listed in the `package.json` file.\n\nIf you get an errors then I suggest installing the dependencies one by one from the `package.json` file with the same command and the package name at the end:\n\nHere is an example of the `dependencies` in the `package,json` file:\n\n```json\n  \"dependencies\": {\n    \"dotenv\": \"4.0.0\",\n    \"snyk\": \"1.31.0\",\n    \"twit\": \"2.2.5\",\n    \"unique-random-array\": \"1.0.0\"\n  }\n```\n\nThe npm command to install them all:\n\n```shell\nnpm install --save dotenv twit unique-random-array snyk\n```\n\nNow you can configure the bot. From the terminal enter:\n\n```shell\nnpm init\n```\n\nThis will configure the `package.json` file with your details as desired. Just keep hitting return if you're happy with the defaults.\n\n**Make a `.env` file:** make a file named `.env` do it with the terminal with the following command:\n\n```shell\ntouch .env\n```\n\nThis should be at the root of your project directory.\n\nNow you'll need to add your Twitter keys to the `.env` file. Just input the keys in their corresponding fields and save the file.\n\nThe file structure should look as follows:\n\n```\nTWITTER_CONSUMER_KEY=\nTWITTER_CONSUMER_SECRET=\nTWITTER_ACCESS_TOKEN=\nTWITTER_ACCESS_TOKEN_SECRET=\n\nQUERY_STRING=my super awesome query string!,google,android\n\nRANDOM_REPLY=Hi @${screenName} thanks for the follow! What are you working on today?|@${screenName} thanks for following! What are you working on today?\n\nRESULT_TYPE=mixed\nTWITTER_LANG=en\n\nTWITTER_RETWEET_RATE=.1\nTWITTER_SEARCH_COUNT=20\n```\n\nNote that `RANDOM_REPLY` is split with a pipe `|` and the `QUERY_STRING` is split by a comma `,` this is so that `RANDOM_REPLY` can have a comma in the reply text.\n\nIf you can not find the `.env` file in the file structure of your c9 project then you will need to enable the **`Show Hidden Files`** option. In the file view select the settings cog then tick the `Show Hidden Files` option if it is not already checked.\n\n![](/images/c9-hidden-files-check.gif)\n\nAdd your API keys to the `.env` file :key:\n\nThe `.env` file is where we can configure our bot, here we set what we want to search on, check out the [`twitter-bot-playground`][twee-bot-play] for information on Twitter search.\n\n`QUERY_STRING` should be what you want to retweet tweets on with the search terms separated with commas. `RANDOM_REPLY` again is comma separated replies with the ${ScreenName} which is replaced when replying to the follower. `TWITTER_RETWEET_RATE` is in minutes.\n\n<!--Link-->\n[twee-bot-play]: https://github.com/spences10/twitter-bot-playground#use-twitter-search\n\n>NOTE none of the `.env` items have quotes `''` round them or spaces between the key and the value `KEY=value`\n\n```text\nTWITTER_CONSUMER_KEY=Fw***********P9\nTWITTER_CONSUMER_SECRET=TD************Cq\nTWITTER_ACCESS_TOKEN=31**************UC\nTWITTER_ACCESS_TOKEN_SECRET=r0************S2\n\nQUERY_STRING=mango,horses,\"donald -trump -duck\"\nRANDOM_REPLY=Hi @${screenName} thanks for the follow! What are you working on today?,@${screenName} thanks for following! What are you working on today?\n\nRESULT_TYPE=mixed\nTWITTER_LANG=en\n\nTWITTER_RETWEET_RATE=120\nTWITTER_SEARCH_COUNT=20\n```\n\n![](/images/clone-and-install.gif)\n\nThat should be it. Go to the terminal, enter `npm start` and you should get some output:\n\n![](/images/bot-output.png)\n\nCheck the Twitter account:\n\n![](/images/twitter-account.png)\n\nYou now have a tweet bot, if you want to have this deployed so it's not just running from your machine or from the c9 machine [which is against their terms of service] then we can go over that next.\n\n## Deploy with now\n\nGot your [Zeit account](https://zeit.co/login) set up? Now is the time if not, then install `now` from the terminal:\n\n```shell\nnpm i -g now\n```\n\nThen `now` from the terminal and you will be prompted to enter your email, you will be sent a confirmation email, click the link and you're ready to go!\n\n![](/images/now-setup-deploy.gif)\n\nIf you take a look at the `package.json` file in the `\"scripts\"` section you see there is one for `\"deploy\"` this is the command to deploy the bot to `now`, so from the terminal:\n\n```shell\nnpm run deploy\n```\n\nThis will use all our environment variables we defined within our `.env` file for use on the now servers.\n\nYou will get terminal output with a URL for where your bot is located, click the link and you can watch it get built.\n\n## Handy tip\nIf you want to add this to your own GitHub repo and don't want to share your API keys :key: with the world then you should turn off tracking on the `.env` file. From the terminal enter this git command:\n\n```shell\ngit update-index --assume-unchanged .env\n```\n\nI have added my most used git commands I use in this [repo][cheetsheets] I use it on a daily basis, please feel free to use it.\n\n<!--link-->\n[cheetsheets]: https://github.com/spences10/cheat-sheets/blob/master/git.md\n\n## Links\n\nCredit for the inspiration for this should go to [@amanhimself](https://twitter.com/amanhimself) and his posts on creating your own twitter bot.\n\n* [create-a-simple-twitter-bot-with-node-js](https://hackernoon.com/create-a-simple-twitter-bot-with-node-js-5b14eb006c08#.flysreo60)\n\n* [how-to-make-a-twitter-bot-with-nodejs](https://chatbotslife.com/how-to-make-a-twitter-bot-with-nodejs-d5cb04fdbf97#.h5ah8dq5n)\n\n* [twitter-mctwitbot](https://medium.com/@spences10/twitter-mctwitbot-4d15cd005dc0#.dp9q5f427)\n\n* [awesome-twitter-bots](https://github.com/amandeepmittal/awesome-twitter-bots)\n\n---\n\n## License\n\nMIT License\n\nCopyright (c) 2017, Scott Spence. All rights reserved.\n"
      readmeFilename: "README.md"
      gitHead: "81bc91cf996ece2ec3a49bc589015d1f076444e6"
      _id: "twitter-bot-bootstrap@0.2.1"
  3 warn pnpm: "`prepublish` scripts are deprecated. Use `prepare` for build steps and `prepublishOnly` for upload-only."
  4 debug pnpm:stage: "resolution_started"
  5 debug pnpm:progress: 
    pkg: 
      name: "contributor"
      rawSpec: "contributor@0.1.25"
    status: "installing"
  6 debug pnpm:progress: 
    pkg: 
      name: "prettier"
      rawSpec: "prettier@1.13.1"
    status: "installing"
  7 debug pnpm:progress: 
    pkg: 
      name: "console.lol"
      rawSpec: "console.lol@0.1.2"
    status: "installing"
  8 debug pnpm:progress: 
    pkgId: "registry.npmjs.org/contributor/0.1.25"
    pkgVersion: "0.1.25"
    status: "downloaded_manifest"
  9 warn pnpm:install-check: 
    err: 
      name: "Error"
      message: "Unsupported engine for registry.npmjs.org/contributor/0.1.25: wanted: {\"node\":\"0.10.x\",\"npm\":\"1.4.x\"} (current: {\"node\":\"v8.11.3\",\"pnpm\":\"2.10.5\"})"
      code: "ENOTSUP"
      stack: "Error: Unsupported engine for registry.npmjs.org/contributor/0.1.25: wanted: {\"node\":\"0.10.x\",\"npm\":\"1.4.x\"} (current: {\"node\":\"v8.11.3\",\"pnpm\":\"2.10.5\"})\n    at Object.checkEngine (/home/nvm/pnpm/lib/node_modules/pnpm/lib/node_modules/pnpm-install-checks/index.js:13:16)\n    at Object.<anonymous> (/home/nvm/pnpm/lib/node_modules/pnpm/lib/node_modules/supi/lib/install/getIsInstallable.js:22:34)\n    at Generator.next (<anonymous>)\n    at fulfilled (/home/nvm/pnpm/lib/node_modules/pnpm/lib/node_modules/supi/lib/install/getIsInstallable.js:4:58)\n    at <anonymous>\n    at process._tickCallback (internal/process/next_tick.js:188:7)"
  10 debug pnpm:progress: 
    pkgId: "registry.npmjs.org/contributor/0.1.25"
    status: "resolving_content"
  11 debug pnpm:progress: 
    pkg: 
      dependentId: "registry.npmjs.org/contributor/0.1.25"
      name: "ansi-color"
      rawSpec: "ansi-color@0.2.1"
    status: "installing"
  12 debug pnpm:progress: 
    pkg: 
      dependentId: "registry.npmjs.org/contributor/0.1.25"
      name: "github"
      rawSpec: "github@0.2.4"
    status: "installing"
  13 debug pnpm:progress: 
    pkg: 
      dependentId: "registry.npmjs.org/contributor/0.1.25"
      name: "prompt"
      rawSpec: "prompt@0.2.14"
    status: "installing"
  14 debug pnpm:progress: 
    pkg: 
      dependentId: "registry.npmjs.org/contributor/0.1.25"
      name: "request"
      rawSpec: "request@2.51.0"
    status: "installing"
  15 debug pnpm:progress: 
    pkg: 
      dependentId: "registry.npmjs.org/contributor/0.1.25"
      name: "yesno"
      rawSpec: "yesno@0.0.1"
    status: "installing"
  16 debug pnpm:progress: 
    pkgId: "registry.npmjs.org/prettier/1.13.1"
    pkgVersion: "1.13.1"
    status: "downloaded_manifest"
  17 debug pnpm:progress: 
    pkgId: "registry.npmjs.org/console.lol/0.1.2"
    pkgVersion: "0.1.2"
    status: "downloaded_manifest"
  18 debug pnpm:progress: 
    pkgId: "registry.npmjs.org/prettier/1.13.1"
    status: "resolving_content"
  19 debug pnpm:progress: 
    pkgId: "registry.npmjs.org/console.lol/0.1.2"
    status: "resolving_content"
  20 debug pnpm:progress: 
    pkgId: "registry.npmjs.org/contributor/0.1.25"
    status: "found_in_store"
  21 debug pnpm:progress: 
    pkgId: "registry.npmjs.org/ansi-color/0.2.1"
    pkgVersion: "0.2.1"
    status: "downloaded_manifest"
  22 warn pnpm:deprecation: 
    deprecated: "'github' has been renamed to '@octokit/rest' (https://git.io/vNB11)"
    depth: 1
    pkgId: "registry.npmjs.org/github/0.2.4"
    pkgName: "github"
    pkgVersion: "0.2.4"
  23 debug pnpm:progress: 
    pkgId: "registry.npmjs.org/github/0.2.4"
    pkgVersion: "0.2.4"
    status: "downloaded_manifest"
  24 debug pnpm:progress: 
    pkgId: "registry.npmjs.org/prompt/0.2.14"
    pkgVersion: "0.2.14"
    status: "downloaded_manifest"
  25 debug pnpm:progress: 
    pkgId: "registry.npmjs.org/request/2.51.0"
    pkgVersion: "2.51.0"
    status: "downloaded_manifest"
  26 debug pnpm:progress: 
    pkgId: "registry.npmjs.org/ansi-color/0.2.1"
    status: "resolving_content"
  27 debug pnpm:progress: 
    pkgId: "registry.npmjs.org/github/0.2.4"
    status: "resolving_content"
  28 debug pnpm:progress: 
    pkg: 
      dependentId: "registry.npmjs.org/github/0.2.4"
      name: "mime"
      rawSpec: "mime@1.6.0"
    status: "installing"
  29 debug pnpm:progress: 
    pkgId: "registry.npmjs.org/prompt/0.2.14"
    status: "resolving_content"
  30 debug pnpm:progress: 
    pkg: 
      dependentId: "registry.npmjs.org/prompt/0.2.14"
      name: "pkginfo"
      rawSpec: "pkginfo@0.4.1"
    status: "installing"
  31 debug pnpm:progress: 
    pkg: 
      dependentId: "registry.npmjs.org/prompt/0.2.14"
      name: "read"
      rawSpec: "read@1.0.7"
    status: "installing"
  32 debug pnpm:progress: 
    pkg: 
      dependentId: "registry.npmjs.org/prompt/0.2.14"
      name: "revalidator"
      rawSpec: "revalidator@0.1.8"
    status: "installing"
  33 debug pnpm:progress: 
    pkg: 
      dependentId: "registry.npmjs.org/prompt/0.2.14"
      name: "utile"
      rawSpec: "utile@0.2.1"
    status: "installing"
  34 debug pnpm:progress: 
    pkg: 
      dependentId: "registry.npmjs.org/prompt/0.2.14"
      name: "winston"
      rawSpec: "winston@0.8.3"
    status: "installing"
  35 debug pnpm:progress: 
    pkgId: "registry.npmjs.org/request/2.51.0"
    status: "resolving_content"
  36 debug pnpm:progress: 
    pkg: 
      dependentId: "registry.npmjs.org/request/2.51.0"
      name: "aws-sign2"
      rawSpec: "aws-sign2@0.5.0"
    status: "installing"
  37 debug pnpm:progress: 
    pkg: 
      dependentId: "registry.npmjs.org/request/2.51.0"
      name: "bl"
      rawSpec: "bl@0.9.5"
    status: "installing"
  38 debug pnpm:progress: 
    pkg: 
      dependentId: "registry.npmjs.org/request/2.51.0"
      name: "caseless"
      rawSpec: "caseless@0.8.0"
    status: "installing"
  39 debug pnpm:progress: 
    pkg: 
      dependentId: "registry.npmjs.org/request/2.51.0"
      name: "combined-stream"
      rawSpec: "combined-stream@0.0.7"
    status: "installing"
  40 debug pnpm:progress: 
    pkg: 
      dependentId: "registry.npmjs.org/request/2.51.0"
      name: "forever-agent"
      rawSpec: "forever-agent@0.5.2"
    status: "installing"
  41 debug pnpm:progress: 
    pkg: 
      dependentId: "registry.npmjs.org/request/2.51.0"
      name: "form-data"
      rawSpec: "form-data@0.2.0"
    status: "installing"
  42 debug pnpm:progress: 
    pkg: 
      dependentId: "registry.npmjs.org/request/2.51.0"
      name: "hawk"
      rawSpec: "hawk@1.1.1"
    status: "installing"
  43 debug pnpm:progress: 
    pkg: 
      dependentId: "registry.npmjs.org/request/2.51.0"
      name: "http-signature"
      rawSpec: "http-signature@0.10.1"
    status: "installing"
  44 debug pnpm:progress: 
    pkg: 
      dependentId: "registry.npmjs.org/request/2.51.0"
      name: "json-stringify-safe"
      rawSpec: "json-stringify-safe@5.0.1"
    status: "installing"
  45 debug pnpm:progress: 
    pkg: 
      dependentId: "registry.npmjs.org/request/2.51.0"
      name: "mime-types"
      rawSpec: "mime-types@1.0.2"
    status: "installing"
  46 debug pnpm:progress: 
    pkg: 
      dependentId: "registry.npmjs.org/request/2.51.0"
      name: "node-uuid"
      rawSpec: "node-uuid@1.4.8"
    status: "installing"
  47 debug pnpm:progress: 
    pkg: 
      dependentId: "registry.npmjs.org/request/2.51.0"
      name: "oauth-sign"
      rawSpec: "oauth-sign@0.5.0"
    status: "installing"
  48 debug pnpm:progress: 
    pkg: 
      dependentId: "registry.npmjs.org/request/2.51.0"
      name: "qs"
      rawSpec: "qs@2.3.3"
    status: "installing"
  49 debug pnpm:progress: 
    pkg: 
      dependentId: "registry.npmjs.org/request/2.51.0"
      name: "stringstream"
      rawSpec: "stringstream@0.0.6"
    status: "installing"
  50 debug pnpm:progress: 
    pkg: 
      dependentId: "registry.npmjs.org/request/2.51.0"
      name: "tough-cookie"
      rawSpec: "tough-cookie@2.4.3"
    status: "installing"
  51 debug pnpm:progress: 
    pkg: 
      dependentId: "registry.npmjs.org/request/2.51.0"
      name: "tunnel-agent"
      rawSpec: "tunnel-agent@0.4.3"
    status: "installing"
  52 debug pnpm:progress: 
    pkgId: "registry.npmjs.org/prettier/1.13.1"
    status: "found_in_store"
  53 debug pnpm:progress: 
    pkgId: "registry.npmjs.org/console.lol/0.1.2"
    status: "found_in_store"
  54 debug pnpm:progress: 
    pkgId: "registry.npmjs.org/yesno/0.0.1"
    pkgVersion: "0.0.1"
    status: "downloaded_manifest"
  55 debug pnpm:progress: 
    pkgId: "registry.npmjs.org/yesno/0.0.1"
    status: "resolving_content"
  56 debug pnpm:progress: 
    pkgId: "registry.npmjs.org/ansi-color/0.2.1"
    status: "found_in_store"
  57 debug pnpm:progress: 
    pkgId: "registry.npmjs.org/github/0.2.4"
    status: "found_in_store"
  58 debug pnpm:progress: 
    pkgId: "registry.npmjs.org/prompt/0.2.14"
    status: "found_in_store"
  59 debug pnpm:progress: 
    pkgId: "registry.npmjs.org/request/2.51.0"
    status: "found_in_store"
  60 debug pnpm:progress: 
    pkgId: "registry.npmjs.org/mime/1.6.0"
    pkgVersion: "1.6.0"
    status: "downloaded_manifest"
  61 debug pnpm:progress: 
    pkgId: "registry.npmjs.org/mime/1.6.0"
    status: "resolving_content"
  62 debug pnpm:progress: 
    pkgId: "registry.npmjs.org/pkginfo/0.4.1"
    pkgVersion: "0.4.1"
    status: "downloaded_manifest"
  63 debug pnpm:progress: 
    pkgId: "registry.npmjs.org/read/1.0.7"
    pkgVersion: "1.0.7"
    status: "downloaded_manifest"
  64 debug pnpm:progress: 
    pkgId: "registry.npmjs.org/revalidator/0.1.8"
    pkgVersion: "0.1.8"
    status: "downloaded_manifest"
  65 debug pnpm:progress: 
    pkgId: "registry.npmjs.org/utile/0.2.1"
    pkgVersion: "0.2.1"
    status: "downloaded_manifest"
  66 debug pnpm:progress: 
    pkgId: "registry.npmjs.org/winston/0.8.3"
    pkgVersion: "0.8.3"
    status: "downloaded_manifest"
  67 debug pnpm:progress: 
    pkgId: "registry.npmjs.org/aws-sign2/0.5.0"
    pkgVersion: "0.5.0"
    status: "downloaded_manifest"
  68 debug pnpm:progress: 
    pkgId: "registry.npmjs.org/bl/0.9.5"
    pkgVersion: "0.9.5"
    status: "downloaded_manifest"
  69 debug pnpm:progress: 
    pkgId: "registry.npmjs.org/caseless/0.8.0"
    pkgVersion: "0.8.0"
    status: "downloaded_manifest"
  70 debug pnpm:progress: 
    pkgId: "registry.npmjs.org/combined-stream/0.0.7"
    pkgVersion: "0.0.7"
    status: "downloaded_manifest"
  71 debug pnpm:progress: 
    pkgId: "registry.npmjs.org/forever-agent/0.5.2"
    pkgVersion: "0.5.2"
    status: "downloaded_manifest"
  72 debug pnpm:progress: 
    pkgId: "registry.npmjs.org/form-data/0.2.0"
    pkgVersion: "0.2.0"
    status: "downloaded_manifest"
  73 debug pnpm:progress: 
    pkgId: "registry.npmjs.org/hawk/1.1.1"
    pkgVersion: "1.1.1"
    status: "downloaded_manifest"
  74 debug pnpm:progress: 
    pkgId: "registry.npmjs.org/http-signature/0.10.1"
    pkgVersion: "0.10.1"
    status: "downloaded_manifest"
  75 debug pnpm:progress: 
    pkgId: "registry.npmjs.org/json-stringify-safe/5.0.1"
    pkgVersion: "5.0.1"
    status: "downloaded_manifest"
  76 debug pnpm:progress: 
    pkgId: "registry.npmjs.org/mime-types/1.0.2"
    pkgVersion: "1.0.2"
    status: "downloaded_manifest"
  77 warn pnpm:deprecation: 
    deprecated: "Use uuid module instead"
    depth: 2
    pkgId: "registry.npmjs.org/node-uuid/1.4.8"
    pkgName: "node-uuid"
    pkgVersion: "1.4.8"
  78 debug pnpm:progress: 
    pkgId: "registry.npmjs.org/node-uuid/1.4.8"
    pkgVersion: "1.4.8"
    status: "downloaded_manifest"
  79 debug pnpm:progress: 
    pkgId: "registry.npmjs.org/oauth-sign/0.5.0"
    pkgVersion: "0.5.0"
    status: "downloaded_manifest"
  80 debug pnpm:progress: 
    pkgId: "registry.npmjs.org/qs/2.3.3"
    pkgVersion: "2.3.3"
    status: "downloaded_manifest"
  81 debug pnpm:progress: 
    pkgId: "registry.npmjs.org/stringstream/0.0.6"
    pkgVersion: "0.0.6"
    status: "downloaded_manifest"
  82 debug pnpm:progress: 
    pkgId: "registry.npmjs.org/tough-cookie/2.4.3"
    pkgVersion: "2.4.3"
    status: "downloaded_manifest"
  83 debug pnpm:progress: 
    pkgId: "registry.npmjs.org/pkginfo/0.4.1"
    status: "resolving_content"
  84 debug pnpm:progress: 
    pkgId: "registry.npmjs.org/read/1.0.7"
    status: "resolving_content"
  85 debug pnpm:progress: 
    pkg: 
      dependentId: "registry.npmjs.org/read/1.0.7"
      name: "mute-stream"
      rawSpec: "mute-stream@0.0.7"
    status: "installing"
  86 debug pnpm:progress: 
    pkgId: "registry.npmjs.org/revalidator/0.1.8"
    status: "resolving_content"
  87 debug pnpm:progress: 
    pkgId: "registry.npmjs.org/utile/0.2.1"
    status: "resolving_content"
  88 debug pnpm:progress: 
    pkg: 
      dependentId: "registry.npmjs.org/utile/0.2.1"
      name: "async"
      rawSpec: "async@0.2.10"
    status: "installing"
  89 debug pnpm:progress: 
    pkg: 
      dependentId: "registry.npmjs.org/utile/0.2.1"
      name: "deep-equal"
      rawSpec: "deep-equal@1.0.1"
    status: "installing"
  90 debug pnpm:progress: 
    pkg: 
      dependentId: "registry.npmjs.org/utile/0.2.1"
      name: "i"
      rawSpec: "i@0.3.6"
    status: "installing"
  91 debug pnpm:progress: 
    pkg: 
      dependentId: "registry.npmjs.org/utile/0.2.1"
      name: "mkdirp"
      rawSpec: "mkdirp@0.5.1"
    status: "installing"
  92 debug pnpm:progress: 
    pkg: 
      dependentId: "registry.npmjs.org/utile/0.2.1"
      name: "ncp"
      rawSpec: "ncp@0.4.2"
    status: "installing"
  93 debug pnpm:progress: 
    pkg: 
      dependentId: "registry.npmjs.org/utile/0.2.1"
      name: "rimraf"
      rawSpec: "rimraf@2.6.2"
    status: "installing"
  94 debug pnpm:progress: 
    pkgId: "registry.npmjs.org/winston/0.8.3"
    status: "resolving_content"
  95 debug pnpm:progress: 
    pkg: 
      dependentId: "registry.npmjs.org/winston/0.8.3"
      name: "async"
      rawSpec: "async@0.2.10"
    status: "installing"
  96 debug pnpm:progress: 
    pkg: 
      dependentId: "registry.npmjs.org/winston/0.8.3"
      name: "colors"
      rawSpec: "colors@0.6.2"
    status: "installing"
  97 debug pnpm:progress: 
    pkg: 
      dependentId: "registry.npmjs.org/winston/0.8.3"
      name: "cycle"
      rawSpec: "cycle@1.0.3"
    status: "installing"
  98 debug pnpm:progress: 
    pkg: 
      dependentId: "registry.npmjs.org/winston/0.8.3"
      name: "eyes"
      rawSpec: "eyes@0.1.8"
    status: "installing"
  99 debug pnpm:progress: 
    pkg: 
      dependentId: "registry.npmjs.org/winston/0.8.3"
      name: "isstream"
      rawSpec: "isstream@0.1.2"
    status: "installing"
  100 debug pnpm:progress: 
    pkg: 
      dependentId: "registry.npmjs.org/winston/0.8.3"
      name: "pkginfo"
      rawSpec: "pkginfo@0.3.1"
    status: "installing"
  101 debug pnpm:progress: 
    pkg: 
      dependentId: "registry.npmjs.org/winston/0.8.3"
      name: "stack-trace"
      rawSpec: "stack-trace@0.0.10"
    status: "installing"
  102 debug pnpm:progress: 
    pkgId: "registry.npmjs.org/aws-sign2/0.5.0"
    status: "resolving_content"
  103 debug pnpm:progress: 
    pkgId: "registry.npmjs.org/bl/0.9.5"
    status: "resolving_content"
  104 debug pnpm:progress: 
    pkg: 
      dependentId: "registry.npmjs.org/bl/0.9.5"
      name: "readable-stream"
      rawSpec: "readable-stream@1.0.34"
    status: "installing"
  105 debug pnpm:progress: 
    pkgId: "registry.npmjs.org/caseless/0.8.0"
    status: "resolving_content"
  106 debug pnpm:progress: 
    pkgId: "registry.npmjs.org/combined-stream/0.0.7"
    status: "resolving_content"
  107 debug pnpm:progress: 
    pkg: 
      dependentId: "registry.npmjs.org/combined-stream/0.0.7"
      name: "delayed-stream"
      rawSpec: "delayed-stream@0.0.5"
    status: "installing"
  108 debug pnpm:progress: 
    pkgId: "registry.npmjs.org/forever-agent/0.5.2"
    status: "resolving_content"
  109 debug pnpm:progress: 
    pkgId: "registry.npmjs.org/form-data/0.2.0"
    status: "resolving_content"
  110 debug pnpm:progress: 
    pkg: 
      dependentId: "registry.npmjs.org/form-data/0.2.0"
      name: "async"
      rawSpec: "async@0.9.2"
    status: "installing"
  111 debug pnpm:progress: 
    pkg: 
      dependentId: "registry.npmjs.org/form-data/0.2.0"
      name: "combined-stream"
      rawSpec: "combined-stream@0.0.7"
    status: "installing"
  112 debug pnpm:progress: 
    pkg: 
      dependentId: "registry.npmjs.org/form-data/0.2.0"
      name: "mime-types"
      rawSpec: "mime-types@2.0.14"
    status: "installing"
  113 debug pnpm:progress: 
    pkgId: "registry.npmjs.org/hawk/1.1.1"
    status: "resolving_content"
  114 debug pnpm:progress: 
    pkg: 
      dependentId: "registry.npmjs.org/hawk/1.1.1"
      name: "boom"
      rawSpec: "boom@0.4.2"
    status: "installing"
  115 debug pnpm:progress: 
    pkg: 
      dependentId: "registry.npmjs.org/hawk/1.1.1"
      name: "cryptiles"
      rawSpec: "cryptiles@0.2.2"
    status: "installing"
  116 debug pnpm:progress: 
    pkg: 
      dependentId: "registry.npmjs.org/hawk/1.1.1"
      name: "hoek"
      rawSpec: "hoek@0.9.1"
    status: "installing"
  117 debug pnpm:progress: 
    pkg: 
      dependentId: "registry.npmjs.org/hawk/1.1.1"
      name: "sntp"
      rawSpec: "sntp@0.2.4"
    status: "installing"
  118 debug pnpm:progress: 
    pkgId: "registry.npmjs.org/http-signature/0.10.1"
    status: "resolving_content"
  119 debug pnpm:progress: 
    pkg: 
      dependentId: "registry.npmjs.org/http-signature/0.10.1"
      name: "asn1"
      rawSpec: "asn1@0.1.11"
    status: "installing"
  120 debug pnpm:progress: 
    pkg: 
      dependentId: "registry.npmjs.org/http-signature/0.10.1"
      name: "assert-plus"
      rawSpec: "assert-plus@0.1.5"
    status: "installing"
  121 debug pnpm:progress: 
    pkg: 
      dependentId: "registry.npmjs.org/http-signature/0.10.1"
      name: "ctype"
      rawSpec: "ctype@0.5.3"
    status: "installing"
  122 debug pnpm:progress: 
    pkgId: "registry.npmjs.org/json-stringify-safe/5.0.1"
    status: "resolving_content"
  123 debug pnpm:progress: 
    pkgId: "registry.npmjs.org/mime-types/1.0.2"
    status: "resolving_content"
  124 debug pnpm:progress: 
    pkgId: "registry.npmjs.org/node-uuid/1.4.8"
    status: "resolving_content"
  125 debug pnpm:progress: 
    pkgId: "registry.npmjs.org/oauth-sign/0.5.0"
    status: "resolving_content"
  126 debug pnpm:progress: 
    pkgId: "registry.npmjs.org/qs/2.3.3"
    status: "resolving_content"
  127 debug pnpm:progress: 
    pkgId: "registry.npmjs.org/stringstream/0.0.6"
    status: "resolving_content"
  128 debug pnpm:progress: 
    pkgId: "registry.npmjs.org/tough-cookie/2.4.3"
    status: "resolving_content"
  129 debug pnpm:progress: 
    pkg: 
      dependentId: "registry.npmjs.org/tough-cookie/2.4.3"
      name: "psl"
      rawSpec: "psl@1.1.28"
    status: "installing"
  130 debug pnpm:progress: 
    pkg: 
      dependentId: "registry.npmjs.org/tough-cookie/2.4.3"
      name: "punycode"
      rawSpec: "punycode@1.4.1"
    status: "installing"
  131 debug pnpm:progress: 
    pkgId: "registry.npmjs.org/yesno/0.0.1"
    status: "found_in_store"
  132 debug pnpm:progress: 
    pkgId: "registry.npmjs.org/tunnel-agent/0.4.3"
    pkgVersion: "0.4.3"
    status: "downloaded_manifest"
  133 debug pnpm:progress: 
    pkgId: "registry.npmjs.org/tunnel-agent/0.4.3"
    status: "resolving_content"
  134 debug pnpm:progress: 
    pkgId: "registry.npmjs.org/mime/1.6.0"
    status: "found_in_store"
  135 debug pnpm:progress: 
    pkgId: "registry.npmjs.org/pkginfo/0.4.1"
    status: "found_in_store"
  136 debug pnpm:progress: 
    pkgId: "registry.npmjs.org/read/1.0.7"
    status: "found_in_store"
  137 debug pnpm:progress: 
    pkgId: "registry.npmjs.org/revalidator/0.1.8"
    status: "found_in_store"
  138 debug pnpm:progress: 
    pkgId: "registry.npmjs.org/utile/0.2.1"
    status: "found_in_store"
  139 debug pnpm:progress: 
    pkgId: "registry.npmjs.org/winston/0.8.3"
    status: "found_in_store"
  140 debug pnpm:progress: 
    pkgId: "registry.npmjs.org/aws-sign2/0.5.0"
    status: "found_in_store"
  141 debug pnpm:progress: 
    pkgId: "registry.npmjs.org/bl/0.9.5"
    status: "found_in_store"
  142 debug pnpm:progress: 
    pkgId: "registry.npmjs.org/caseless/0.8.0"
    status: "found_in_store"
  143 debug pnpm:progress: 
    pkgId: "registry.npmjs.org/combined-stream/0.0.7"
    status: "found_in_store"
  144 debug pnpm:progress: 
    pkgId: "registry.npmjs.org/forever-agent/0.5.2"
    status: "found_in_store"
  145 debug pnpm:progress: 
    pkgId: "registry.npmjs.org/form-data/0.2.0"
    status: "found_in_store"
  146 debug pnpm:progress: 
    pkgId: "registry.npmjs.org/hawk/1.1.1"
    status: "found_in_store"
  147 debug pnpm:progress: 
    pkgId: "registry.npmjs.org/http-signature/0.10.1"
    status: "found_in_store"
  148 debug pnpm:progress: 
    pkgId: "registry.npmjs.org/json-stringify-safe/5.0.1"
    status: "found_in_store"
  149 debug pnpm:progress: 
    pkgId: "registry.npmjs.org/mime-types/1.0.2"
    status: "found_in_store"
  150 debug pnpm:progress: 
    pkgId: "registry.npmjs.org/node-uuid/1.4.8"
    status: "found_in_store"
  151 debug pnpm:progress: 
    pkgId: "registry.npmjs.org/oauth-sign/0.5.0"
    status: "found_in_store"
  152 debug pnpm:progress: 
    pkgId: "registry.npmjs.org/qs/2.3.3"
    status: "found_in_store"
  153 debug pnpm:progress: 
    pkgId: "registry.npmjs.org/stringstream/0.0.6"
    status: "found_in_store"
  154 debug pnpm:progress: 
    pkgId: "registry.npmjs.org/tough-cookie/2.4.3"
    status: "found_in_store"
  155 debug pnpm:progress: 
    pkgId: "registry.npmjs.org/tunnel-agent/0.4.3"
    status: "found_in_store"
  156 debug pnpm:progress: 
    pkgId: "registry.npmjs.org/mute-stream/0.0.7"
    pkgVersion: "0.0.7"
    status: "downloaded_manifest"
  157 debug pnpm:progress: 
    pkgId: "registry.npmjs.org/async/0.2.10"
    pkgVersion: "0.2.10"
    status: "downloaded_manifest"
  158 debug pnpm:progress: 
    pkgId: "registry.npmjs.org/deep-equal/1.0.1"
    pkgVersion: "1.0.1"
    status: "downloaded_manifest"
  159 debug pnpm:progress: 
    pkgId: "registry.npmjs.org/i/0.3.6"
    pkgVersion: "0.3.6"
    status: "downloaded_manifest"
  160 debug pnpm:progress: 
    pkgId: "registry.npmjs.org/mkdirp/0.5.1"
    pkgVersion: "0.5.1"
    status: "downloaded_manifest"
  161 debug pnpm:progress: 
    pkgId: "registry.npmjs.org/ncp/0.4.2"
    pkgVersion: "0.4.2"
    status: "downloaded_manifest"
  162 debug pnpm:progress: 
    pkgId: "registry.npmjs.org/rimraf/2.6.2"
    pkgVersion: "2.6.2"
    status: "downloaded_manifest"
  163 debug pnpm:progress: 
    pkgId: "registry.npmjs.org/async/0.2.10"
    pkgVersion: "0.2.10"
    status: "downloaded_manifest"
  164 debug pnpm:progress: 
    pkgId: "registry.npmjs.org/colors/0.6.2"
    pkgVersion: "0.6.2"
    status: "downloaded_manifest"
  165 debug pnpm:progress: 
    pkgId: "registry.npmjs.org/cycle/1.0.3"
    pkgVersion: "1.0.3"
    status: "downloaded_manifest"
  166 debug pnpm:progress: 
    pkgId: "registry.npmjs.org/eyes/0.1.8"
    pkgVersion: "0.1.8"
    status: "downloaded_manifest"
  167 debug pnpm:progress: 
    pkgId: "registry.npmjs.org/isstream/0.1.2"
    pkgVersion: "0.1.2"
    status: "downloaded_manifest"
  168 debug pnpm:progress: 
    pkgId: "registry.npmjs.org/pkginfo/0.3.1"
    pkgVersion: "0.3.1"
    status: "downloaded_manifest"
  169 debug pnpm:progress: 
    pkgId: "registry.npmjs.org/stack-trace/0.0.10"
    pkgVersion: "0.0.10"
    status: "downloaded_manifest"
  170 debug pnpm:progress: 
    pkgId: "registry.npmjs.org/readable-stream/1.0.34"
    pkgVersion: "1.0.34"
    status: "downloaded_manifest"
  171 debug pnpm:progress: 
    pkgId: "registry.npmjs.org/delayed-stream/0.0.5"
    pkgVersion: "0.0.5"
    status: "downloaded_manifest"
  172 debug pnpm:progress: 
    pkgId: "registry.npmjs.org/async/0.9.2"
    pkgVersion: "0.9.2"
    status: "downloaded_manifest"
  173 debug pnpm:progress: 
    pkgId: "registry.npmjs.org/combined-stream/0.0.7"
    pkgVersion: "0.0.7"
    status: "downloaded_manifest"
  174 debug pnpm:progress: 
    pkgId: "registry.npmjs.org/mime-types/2.0.14"
    pkgVersion: "2.0.14"
    status: "downloaded_manifest"
  175 debug pnpm:progress: 
    pkgId: "registry.npmjs.org/boom/0.4.2"
    pkgVersion: "0.4.2"
    status: "downloaded_manifest"
  176 debug pnpm:progress: 
    pkgId: "registry.npmjs.org/cryptiles/0.2.2"
    pkgVersion: "0.2.2"
    status: "downloaded_manifest"
  177 debug pnpm:progress: 
    pkgId: "registry.npmjs.org/hoek/0.9.1"
    pkgVersion: "0.9.1"
    status: "downloaded_manifest"
  178 debug pnpm:progress: 
    pkgId: "registry.npmjs.org/sntp/0.2.4"
    pkgVersion: "0.2.4"
    status: "downloaded_manifest"
  179 debug pnpm:progress: 
    pkgId: "registry.npmjs.org/asn1/0.1.11"
    pkgVersion: "0.1.11"
    status: "downloaded_manifest"
  180 debug pnpm:progress: 
    pkgId: "registry.npmjs.org/assert-plus/0.1.5"
    pkgVersion: "0.1.5"
    status: "downloaded_manifest"
  181 debug pnpm:progress: 
    pkgId: "registry.npmjs.org/ctype/0.5.3"
    pkgVersion: "0.5.3"
    status: "downloaded_manifest"
  182 debug pnpm:progress: 
    pkgId: "registry.npmjs.org/psl/1.1.28"
    pkgVersion: "1.1.28"
    status: "downloaded_manifest"
  183 debug pnpm:progress: 
    pkgId: "registry.npmjs.org/punycode/1.4.1"
    pkgVersion: "1.4.1"
    status: "downloaded_manifest"
  184 debug pnpm:progress: 
    pkgId: "registry.npmjs.org/mute-stream/0.0.7"
    status: "resolving_content"
  185 debug pnpm:progress: 
    pkgId: "registry.npmjs.org/async/0.2.10"
    status: "resolving_content"
  186 debug pnpm:progress: 
    pkgId: "registry.npmjs.org/deep-equal/1.0.1"
    status: "resolving_content"
  187 debug pnpm:progress: 
    pkgId: "registry.npmjs.org/i/0.3.6"
    status: "resolving_content"
  188 debug pnpm:progress: 
    pkgId: "registry.npmjs.org/mkdirp/0.5.1"
    status: "resolving_content"
  189 debug pnpm:progress: 
    pkg: 
      dependentId: "registry.npmjs.org/mkdirp/0.5.1"
      name: "minimist"
      rawSpec: "minimist@0.0.8"
    status: "installing"
  190 debug pnpm:progress: 
    pkgId: "registry.npmjs.org/ncp/0.4.2"
    status: "resolving_content"
  191 debug pnpm:progress: 
    pkgId: "registry.npmjs.org/rimraf/2.6.2"
    status: "resolving_content"
  192 debug pnpm:progress: 
    pkg: 
      dependentId: "registry.npmjs.org/rimraf/2.6.2"
      name: "glob"
      rawSpec: "glob@7.1.2"
    status: "installing"
  193 debug pnpm:progress: 
    pkgId: "registry.npmjs.org/colors/0.6.2"
    status: "resolving_content"
  194 debug pnpm:progress: 
    pkgId: "registry.npmjs.org/cycle/1.0.3"
    status: "resolving_content"
  195 debug pnpm:progress: 
    pkgId: "registry.npmjs.org/eyes/0.1.8"
    status: "resolving_content"
  196 debug pnpm:progress: 
    pkgId: "registry.npmjs.org/isstream/0.1.2"
    status: "resolving_content"
  197 debug pnpm:progress: 
    pkgId: "registry.npmjs.org/pkginfo/0.3.1"
    status: "resolving_content"
  198 debug pnpm:progress: 
    pkgId: "registry.npmjs.org/stack-trace/0.0.10"
    status: "resolving_content"
  199 debug pnpm:progress: 
    pkgId: "registry.npmjs.org/readable-stream/1.0.34"
    status: "resolving_content"
  200 debug pnpm:progress: 
    pkg: 
      dependentId: "registry.npmjs.org/readable-stream/1.0.34"
      name: "core-util-is"
      rawSpec: "core-util-is@1.0.2"
    status: "installing"
  201 debug pnpm:progress: 
    pkg: 
      dependentId: "registry.npmjs.org/readable-stream/1.0.34"
      name: "inherits"
      rawSpec: "inherits@2.0.3"
    status: "installing"
  202 debug pnpm:progress: 
    pkg: 
      dependentId: "registry.npmjs.org/readable-stream/1.0.34"
      name: "isarray"
      rawSpec: "isarray@0.0.1"
    status: "installing"
  203 debug pnpm:progress: 
    pkg: 
      dependentId: "registry.npmjs.org/readable-stream/1.0.34"
      name: "string_decoder"
      rawSpec: "string_decoder@0.10.31"
    status: "installing"
  204 debug pnpm:progress: 
    pkgId: "registry.npmjs.org/delayed-stream/0.0.5"
    status: "resolving_content"
  205 debug pnpm:progress: 
    pkgId: "registry.npmjs.org/async/0.9.2"
    status: "resolving_content"
  206 debug pnpm:progress: 
    pkgId: "registry.npmjs.org/mime-types/2.0.14"
    status: "resolving_content"
  207 debug pnpm:progress: 
    pkg: 
      dependentId: "registry.npmjs.org/mime-types/2.0.14"
      name: "mime-db"
      rawSpec: "mime-db@1.12.0"
    status: "installing"
  208 debug pnpm:progress: 
    pkgId: "registry.npmjs.org/boom/0.4.2"
    status: "resolving_content"
  209 debug pnpm:progress: 
    pkg: 
      dependentId: "registry.npmjs.org/boom/0.4.2"
      name: "hoek"
      rawSpec: "hoek@0.9.1"
    status: "installing"
  210 debug pnpm:progress: 
    pkgId: "registry.npmjs.org/cryptiles/0.2.2"
    status: "resolving_content"
  211 debug pnpm:progress: 
    pkg: 
      dependentId: "registry.npmjs.org/cryptiles/0.2.2"
      name: "boom"
      rawSpec: "boom@0.4.2"
    status: "installing"
  212 debug pnpm:progress: 
    pkgId: "registry.npmjs.org/hoek/0.9.1"
    status: "resolving_content"
  213 debug pnpm:progress: 
    pkgId: "registry.npmjs.org/sntp/0.2.4"
    status: "resolving_content"
  214 debug pnpm:progress: 
    pkg: 
      dependentId: "registry.npmjs.org/sntp/0.2.4"
      name: "hoek"
      rawSpec: "hoek@0.9.1"
    status: "installing"
  215 debug pnpm:progress: 
    pkgId: "registry.npmjs.org/asn1/0.1.11"
    status: "resolving_content"
  216 debug pnpm:progress: 
    pkgId: "registry.npmjs.org/assert-plus/0.1.5"
    status: "resolving_content"
  217 debug pnpm:progress: 
    pkgId: "registry.npmjs.org/ctype/0.5.3"
    status: "resolving_content"
  218 debug pnpm:progress: 
    pkgId: "registry.npmjs.org/psl/1.1.28"
    status: "resolving_content"
  219 debug pnpm:progress: 
    pkgId: "registry.npmjs.org/punycode/1.4.1"
    status: "resolving_content"
  220 debug pnpm:progress: 
    pkgId: "registry.npmjs.org/mute-stream/0.0.7"
    status: "found_in_store"
  221 debug pnpm:progress: 
    pkgId: "registry.npmjs.org/async/0.2.10"
    status: "found_in_store"
  222 debug pnpm:progress: 
    pkgId: "registry.npmjs.org/deep-equal/1.0.1"
    status: "found_in_store"
  223 debug pnpm:progress: 
    pkgId: "registry.npmjs.org/i/0.3.6"
    status: "found_in_store"
  224 debug pnpm:progress: 
    pkgId: "registry.npmjs.org/mkdirp/0.5.1"
    status: "found_in_store"
  225 debug pnpm:progress: 
    pkgId: "registry.npmjs.org/ncp/0.4.2"
    status: "found_in_store"
  226 debug pnpm:progress: 
    pkgId: "registry.npmjs.org/rimraf/2.6.2"
    status: "found_in_store"
  227 debug pnpm:progress: 
    pkgId: "registry.npmjs.org/colors/0.6.2"
    status: "found_in_store"
  228 debug pnpm:progress: 
    pkgId: "registry.npmjs.org/cycle/1.0.3"
    status: "found_in_store"
  229 debug pnpm:progress: 
    pkgId: "registry.npmjs.org/eyes/0.1.8"
    status: "found_in_store"
  230 debug pnpm:progress: 
    pkgId: "registry.npmjs.org/isstream/0.1.2"
    status: "found_in_store"
  231 debug pnpm:progress: 
    pkgId: "registry.npmjs.org/pkginfo/0.3.1"
    status: "found_in_store"
  232 debug pnpm:progress: 
    pkgId: "registry.npmjs.org/stack-trace/0.0.10"
    status: "found_in_store"
  233 debug pnpm:progress: 
    pkgId: "registry.npmjs.org/readable-stream/1.0.34"
    status: "found_in_store"
  234 debug pnpm:progress: 
    pkgId: "registry.npmjs.org/delayed-stream/0.0.5"
    status: "found_in_store"
  235 debug pnpm:progress: 
    pkgId: "registry.npmjs.org/async/0.9.2"
    status: "found_in_store"
  236 debug pnpm:progress: 
    pkgId: "registry.npmjs.org/mime-types/2.0.14"
    status: "found_in_store"
  237 debug pnpm:progress: 
    pkgId: "registry.npmjs.org/boom/0.4.2"
    status: "found_in_store"
  238 debug pnpm:progress: 
    pkgId: "registry.npmjs.org/cryptiles/0.2.2"
    status: "found_in_store"
  239 debug pnpm:progress: 
    pkgId: "registry.npmjs.org/hoek/0.9.1"
    status: "found_in_store"
  240 debug pnpm:progress: 
    pkgId: "registry.npmjs.org/sntp/0.2.4"
    status: "found_in_store"
  241 debug pnpm:progress: 
    pkgId: "registry.npmjs.org/asn1/0.1.11"
    status: "found_in_store"
  242 debug pnpm:progress: 
    pkgId: "registry.npmjs.org/assert-plus/0.1.5"
    status: "found_in_store"
  243 debug pnpm:progress: 
    pkgId: "registry.npmjs.org/ctype/0.5.3"
    status: "found_in_store"
  244 debug pnpm:progress: 
    pkgId: "registry.npmjs.org/psl/1.1.28"
    status: "found_in_store"
  245 debug pnpm:progress: 
    pkgId: "registry.npmjs.org/punycode/1.4.1"
    status: "found_in_store"
  246 debug pnpm:progress: 
    pkgId: "registry.npmjs.org/minimist/0.0.8"
    pkgVersion: "0.0.8"
    status: "downloaded_manifest"
  247 debug pnpm:progress: 
    pkgId: "registry.npmjs.org/glob/7.1.2"
    pkgVersion: "7.1.2"
    status: "downloaded_manifest"
  248 debug pnpm:progress: 
    pkgId: "registry.npmjs.org/core-util-is/1.0.2"
    pkgVersion: "1.0.2"
    status: "downloaded_manifest"
  249 debug pnpm:progress: 
    pkgId: "registry.npmjs.org/inherits/2.0.3"
    pkgVersion: "2.0.3"
    status: "downloaded_manifest"
  250 debug pnpm:progress: 
    pkgId: "registry.npmjs.org/isarray/0.0.1"
    pkgVersion: "0.0.1"
    status: "downloaded_manifest"
  251 debug pnpm:progress: 
    pkgId: "registry.npmjs.org/string_decoder/0.10.31"
    pkgVersion: "0.10.31"
    status: "downloaded_manifest"
  252 debug pnpm:progress: 
    pkgId: "registry.npmjs.org/mime-db/1.12.0"
    pkgVersion: "1.12.0"
    status: "downloaded_manifest"
  253 debug pnpm:progress: 
    pkgId: "registry.npmjs.org/hoek/0.9.1"
    pkgVersion: "0.9.1"
    status: "downloaded_manifest"
  254 debug pnpm:progress: 
    pkgId: "registry.npmjs.org/boom/0.4.2"
    pkgVersion: "0.4.2"
    status: "downloaded_manifest"
  255 debug pnpm:progress: 
    pkgId: "registry.npmjs.org/hoek/0.9.1"
    pkgVersion: "0.9.1"
    status: "downloaded_manifest"
  256 debug pnpm:progress: 
    pkgId: "registry.npmjs.org/minimist/0.0.8"
    status: "resolving_content"
  257 debug pnpm:progress: 
    pkgId: "registry.npmjs.org/glob/7.1.2"
    status: "resolving_content"
  258 debug pnpm:progress: 
    pkg: 
      dependentId: "registry.npmjs.org/glob/7.1.2"
      name: "fs.realpath"
      rawSpec: "fs.realpath@1.0.0"
    status: "installing"
  259 debug pnpm:progress: 
    pkg: 
      dependentId: "registry.npmjs.org/glob/7.1.2"
      name: "inflight"
      rawSpec: "inflight@1.0.6"
    status: "installing"
  260 debug pnpm:progress: 
    pkg: 
      dependentId: "registry.npmjs.org/glob/7.1.2"
      name: "inherits"
      rawSpec: "inherits@2.0.3"
    status: "installing"
  261 debug pnpm:progress: 
    pkg: 
      dependentId: "registry.npmjs.org/glob/7.1.2"
      name: "minimatch"
      rawSpec: "minimatch@3.0.4"
    status: "installing"
  262 debug pnpm:progress: 
    pkg: 
      dependentId: "registry.npmjs.org/glob/7.1.2"
      name: "once"
      rawSpec: "once@1.4.0"
    status: "installing"
  263 debug pnpm:progress: 
    pkg: 
      dependentId: "registry.npmjs.org/glob/7.1.2"
      name: "path-is-absolute"
      rawSpec: "path-is-absolute@1.0.1"
    status: "installing"
  264 debug pnpm:progress: 
    pkgId: "registry.npmjs.org/core-util-is/1.0.2"
    status: "resolving_content"
  265 debug pnpm:progress: 
    pkgId: "registry.npmjs.org/inherits/2.0.3"
    status: "resolving_content"
  266 debug pnpm:progress: 
    pkgId: "registry.npmjs.org/isarray/0.0.1"
    status: "resolving_content"
  267 debug pnpm:progress: 
    pkgId: "registry.npmjs.org/string_decoder/0.10.31"
    status: "resolving_content"
  268 debug pnpm:progress: 
    pkgId: "registry.npmjs.org/mime-db/1.12.0"
    status: "resolving_content"
  269 debug pnpm:progress: 
    pkgId: "registry.npmjs.org/minimist/0.0.8"
    status: "found_in_store"
  270 debug pnpm:progress: 
    pkgId: "registry.npmjs.org/glob/7.1.2"
    status: "found_in_store"
  271 debug pnpm:progress: 
    pkgId: "registry.npmjs.org/core-util-is/1.0.2"
    status: "found_in_store"
  272 debug pnpm:progress: 
    pkgId: "registry.npmjs.org/inherits/2.0.3"
    status: "found_in_store"
  273 debug pnpm:progress: 
    pkgId: "registry.npmjs.org/isarray/0.0.1"
    status: "found_in_store"
  274 debug pnpm:progress: 
    pkgId: "registry.npmjs.org/string_decoder/0.10.31"
    status: "found_in_store"
  275 debug pnpm:progress: 
    pkgId: "registry.npmjs.org/mime-db/1.12.0"
    status: "found_in_store"
  276 debug pnpm:progress: 
    pkgId: "registry.npmjs.org/fs.realpath/1.0.0"
    pkgVersion: "1.0.0"
    status: "downloaded_manifest"
  277 debug pnpm:progress: 
    pkgId: "registry.npmjs.org/inflight/1.0.6"
    pkgVersion: "1.0.6"
    status: "downloaded_manifest"
  278 debug pnpm:progress: 
    pkgId: "registry.npmjs.org/inherits/2.0.3"
    pkgVersion: "2.0.3"
    status: "downloaded_manifest"
  279 debug pnpm:progress: 
    pkgId: "registry.npmjs.org/minimatch/3.0.4"
    pkgVersion: "3.0.4"
    status: "downloaded_manifest"
  280 debug pnpm:progress: 
    pkgId: "registry.npmjs.org/once/1.4.0"
    pkgVersion: "1.4.0"
    status: "downloaded_manifest"
  281 debug pnpm:progress: 
    pkgId: "registry.npmjs.org/path-is-absolute/1.0.1"
    pkgVersion: "1.0.1"
    status: "downloaded_manifest"
  282 debug pnpm:progress: 
    pkgId: "registry.npmjs.org/fs.realpath/1.0.0"
    status: "resolving_content"
  283 debug pnpm:progress: 
    pkgId: "registry.npmjs.org/inflight/1.0.6"
    status: "resolving_content"
  284 debug pnpm:progress: 
    pkg: 
      dependentId: "registry.npmjs.org/inflight/1.0.6"
      name: "once"
      rawSpec: "once@1.4.0"
    status: "installing"
  285 debug pnpm:progress: 
    pkg: 
      dependentId: "registry.npmjs.org/inflight/1.0.6"
      name: "wrappy"
      rawSpec: "wrappy@1.0.2"
    status: "installing"
  286 debug pnpm:progress: 
    pkgId: "registry.npmjs.org/minimatch/3.0.4"
    status: "resolving_content"
  287 debug pnpm:progress: 
    pkg: 
      dependentId: "registry.npmjs.org/minimatch/3.0.4"
      name: "brace-expansion"
      rawSpec: "brace-expansion@1.1.11"
    status: "installing"
  288 debug pnpm:progress: 
    pkgId: "registry.npmjs.org/once/1.4.0"
    status: "resolving_content"
  289 debug pnpm:progress: 
    pkg: 
      dependentId: "registry.npmjs.org/once/1.4.0"
      name: "wrappy"
      rawSpec: "wrappy@1.0.2"
    status: "installing"
  290 debug pnpm:progress: 
    pkgId: "registry.npmjs.org/path-is-absolute/1.0.1"
    status: "resolving_content"
  291 debug pnpm:progress: 
    pkgId: "registry.npmjs.org/fs.realpath/1.0.0"
    status: "found_in_store"
  292 debug pnpm:progress: 
    pkgId: "registry.npmjs.org/inflight/1.0.6"
    status: "found_in_store"
  293 debug pnpm:progress: 
    pkgId: "registry.npmjs.org/minimatch/3.0.4"
    status: "found_in_store"
  294 debug pnpm:progress: 
    pkgId: "registry.npmjs.org/once/1.4.0"
    status: "found_in_store"
  295 debug pnpm:progress: 
    pkgId: "registry.npmjs.org/path-is-absolute/1.0.1"
    status: "found_in_store"
  296 debug pnpm:progress: 
    pkgId: "registry.npmjs.org/once/1.4.0"
    pkgVersion: "1.4.0"
    status: "downloaded_manifest"
  297 debug pnpm:progress: 
    pkgId: "registry.npmjs.org/wrappy/1.0.2"
    pkgVersion: "1.0.2"
    status: "downloaded_manifest"
  298 debug pnpm:progress: 
    pkgId: "registry.npmjs.org/brace-expansion/1.1.11"
    pkgVersion: "1.1.11"
    status: "downloaded_manifest"
  299 debug pnpm:progress: 
    pkgId: "registry.npmjs.org/wrappy/1.0.2"
    pkgVersion: "1.0.2"
    status: "downloaded_manifest"
  300 debug pnpm:progress: 
    pkgId: "registry.npmjs.org/wrappy/1.0.2"
    status: "resolving_content"
  301 debug pnpm:progress: 
    pkgId: "registry.npmjs.org/brace-expansion/1.1.11"
    status: "resolving_content"
  302 debug pnpm:progress: 
    pkg: 
      dependentId: "registry.npmjs.org/brace-expansion/1.1.11"
      name: "balanced-match"
      rawSpec: "balanced-match@1.0.0"
    status: "installing"
  303 debug pnpm:progress: 
    pkg: 
      dependentId: "registry.npmjs.org/brace-expansion/1.1.11"
      name: "concat-map"
      rawSpec: "concat-map@0.0.1"
    status: "installing"
  304 debug pnpm:progress: 
    pkgId: "registry.npmjs.org/wrappy/1.0.2"
    status: "found_in_store"
  305 debug pnpm:progress: 
    pkgId: "registry.npmjs.org/brace-expansion/1.1.11"
    status: "found_in_store"
  306 debug pnpm:progress: 
    pkgId: "registry.npmjs.org/balanced-match/1.0.0"
    pkgVersion: "1.0.0"
    status: "downloaded_manifest"
  307 debug pnpm:progress: 
    pkgId: "registry.npmjs.org/concat-map/0.0.1"
    pkgVersion: "0.0.1"
    status: "downloaded_manifest"
  308 debug pnpm:progress: 
    pkgId: "registry.npmjs.org/balanced-match/1.0.0"
    status: "resolving_content"
  309 debug pnpm:progress: 
    pkgId: "registry.npmjs.org/concat-map/0.0.1"
    status: "resolving_content"
  310 debug pnpm:stage: "resolution_done"
  311 debug pnpm:package-json: 
    updated: 
      name: "twitter-bot-bootstrap"
      version: "0.2.1"
      description: "A bootstrap for a twitter bot!"
      main: "index.js"
      scripts: 
        start: "node index.js"
        test: "snyk test && node index.js"
        snyk-protect: "snyk protect contributor --yes"
        prepublish: "npm run snyk-protect"
        deploy: "now -E"
        format: "prettier es5 --no-semi --single-quote --write src/**/*.js"
        contrib: "contributor"
      pre-commit: 
        - "format"
      devDependencies: 
        contributor: "0.1.25"
        prettier: "1.13.1"
      dependencies: 
        console.lol: "0.1.2"
      now: 
        alias: "twitter-bot-bootstrap"
      repository: 
        type: "git"
        url: "git+https://github.com/spences10/twitter-bot-bootstrap.git"
      keywords: 
        - "twitter"
        - "bot"
        - "bootstrap"
      author: 
        name: "Scott Spence"
        email: "spences10apps@gmail.com"
        url: "https://blog.scottspence.me/"
      license: "MIT"
      bugs: 
        url: "https://github.com/spences10/twitter-bot-bootstrap/issues"
      homepage: "https://github.com/spences10/twitter-bot-bootstrap#readme"
      snyk: true
      contributors: 
        - 
          name: "Martius"
          url: "https://github.com/martiuslim"
        - 
          name: "Snyk bot"
          url: "https://github.com/snyk-bot"
        - 
          name: "Joshua Vaage"
          url: "https://github.com/whaleen"
        - 
          name: "Sergio Ruiz"
          url: "https://github.com/serginator"
        - 
          name: "Scott Spence"
          url: "https://github.com/spences10"
        - 
          name: "Will Hurley"
          url: "https://github.com/wjhurley"
        - 
          name: "Millan Sanchez"
          url: "https://github.com/masdc"
        - 
          name: "Paul Abrams"
          url: "https://github.com/pabrams"
        - 
          name: "Jade Thornton"
          url: "https://github.com/Raindeer44"
        - 
          name: "Nikki L.R."
          url: "https://github.com/nikkilr88"
      readme: "# Twitter bot bootstrap\n\n[![Greenkeeper badge](https://badges.greenkeeper.io/spences10/twitter-bot-bootstrap.svg)](https://greenkeeper.io/) [![license](https://img.shields.io/github/license/mashape/apistatus.svg)](http://opensource.org/licenses/MIT) [![Chat](https://badges.gitter.im/awesome-twitter-bots/Lobby.svg)][gitter-url]\n\n<!--links-->\n[gitter-url]: https://gitter.im/awesome-twitter-bots/Lobby?utm_source=badge&utm_medium=badge&utm_campaign=pr-badge&utm_content=badge\n\n<details>\n  <summary>Click to expand TOC</summary>\n\n<!-- TOC -->\n\n- [Twitter bot bootstrap](#twitter-bot-bootstrap)\n  - [What you'll need](#what-youll-need)\n  - [Setup twitter](#setup-twitter)\n  - [Setup development environment](#setup-development-environment)\n  - [Node 8](#node-8)\n  - [Set up the bot](#set-up-the-bot)\n  - [Project structure](#project-structure)\n  - [Node dependencies](#node-dependencies)\n  - [Deploy with now](#deploy-with-now)\n  - [Handy tip](#handy-tip)\n  - [Links](#links)\n  - [License](#license)\n\n<!-- /TOC -->\n\n</details>\n\nThis is a bootstrap for setting up a simple Twitter bot with Node.js using the npm `twit` module. The bot will retweet what you specify when configuring it. It will also reply to followers with a selection of canned responses.\n\nAs a primer for this, there is a great post by [@amanhimself](https://twitter.com/amanhimself) on making your own twitter bot, check it out in the **Links** section. This is an expansion on that with further detail on configuration and deployment with `now` from Zeit.\n\nBefore starting the clock you'll need to set up some accounts if you don't have them already.\n\n## What you'll need\n\n- Twitter account\n- Development environment with Node.js and npm\n- [Zeit account](https://zeit.co/login)\n\n## Setup twitter\n\nSet up an application on the Twitter account you want to retweet from via: [https://apps.twitter.com/app/new](https://apps.twitter.com/app/new)\n\nAs an example, I'll configure the old [@DroidScott](twitter.com/droidscott) twitter account I have so you can follow along.\n\nStraight forward enough for the twitter application, make sure you add your phone number to your Twitter account before clicking the **Create your Twitter application** button.\n\n![](/images/twitter-application-setup.png)\n\nYou should now be in the 'Application Management' section where you will need to take note of your keys. You should have your 'Consumer Key (API Key)' and 'Consumer Secret (API Secret)' already available. You'll need to scroll to the bottom of the page and click the **Create my access token** to get the 'Access Token' and 'Access Token Secret' take note of all four of them as you'll need them when setting up the bot.\n\n## Setup development environment\n\nIf you don't already have a dev environment with node installed then for a quick-start I'd suggest using [Cloud9](https://c9.io/) you can be up and running in minutes with one of the pre made Node.js environments.\n\nNote that in some regions you will be prompted to enter credit card information to use Cloud9 you will not be charged, there are other options to use like [Glitch](https://glitch.com) if you don't have a credit card. For this guide I'm going to be using Cloud9 which is what will be in the images.\n\n![](/images/c9-node-env.png)\n\n## Node 8\n\nIf you're using a c9 environment then you'll need to upgrade `node` which I think comes pre-installed at version 6 which will cause some errors with the code in this repository, so we're going to go with version 8 for this, so, in the terminal:\n\n```shell\nnvm install 8 # install node 8\nnvm use 8 # set it to use node 8\nnvm alias default 8 # default to 8 so version persists after reboots\n```\n\n`nvm` stands for Node Version Manager which comes installed by default on c9 machines :+1:\n\n## Set up the bot\n\nIn the project tree for the default c9 node application delete the example project files of `client`, `node_modules`, `package.json`, `README.md` and `server.js`. You won't need them, but you can leave them there if you so desire.\n\n![](/images/delete-c9-starter.gif)\n\nIn your new Node.js c9 environment go to the terminal and enter:\n\n```shell\ngit clone https://github.com/spences10/twitter-bot-bootstrap\n```\n\n## Project structure\n\nThe environment project tree will look something like this:\n\n```text\ntwitter-bot-bootstrap/\n├─ images\n├─ node_modules/\n├─ src/\n│  ├─ api\n│  │  ├─ reply.js\n│  │  └─ retweet.js\n│  ├─ bot.js\n│  ├─ config.js\n│  └─ rando.js\n├─ .env\n├─ .gitignore\n├─ .snyk\n├─ CODE_OF_CONDUCT.md\n├─ CONTRIBUTING.md\n├─ LICENSE\n├─ README.md\n├─ index.js\n├─ package-lock.json\n└─ package.json\n```\n\n## Node dependencies\n\nBefore configuring the bot we'll need to install the dependencies, cd into the project folder with `cd tw*` in the terminal this will move you to `:~/workspace/twitter-bot-bootstrap (master) $ ` from the terminal enter:\n\n```shell\nnpm install\n```\n\nThis will install all the dependencies listed in the `package.json` file.\n\nIf you get an errors then I suggest installing the dependencies one by one from the `package.json` file with the same command and the package name at the end:\n\nHere is an example of the `dependencies` in the `package,json` file:\n\n```json\n  \"dependencies\": {\n    \"dotenv\": \"4.0.0\",\n    \"snyk\": \"1.31.0\",\n    \"twit\": \"2.2.5\",\n    \"unique-random-array\": \"1.0.0\"\n  }\n```\n\nThe npm command to install them all:\n\n```shell\nnpm install --save dotenv twit unique-random-array snyk\n```\n\nNow you can configure the bot. From the terminal enter:\n\n```shell\nnpm init\n```\n\nThis will configure the `package.json` file with your details as desired. Just keep hitting return if you're happy with the defaults.\n\n**Make a `.env` file:** make a file named `.env` do it with the terminal with the following command:\n\n```shell\ntouch .env\n```\n\nThis should be at the root of your project directory.\n\nNow you'll need to add your Twitter keys to the `.env` file. Just input the keys in their corresponding fields and save the file.\n\nThe file structure should look as follows:\n\n```\nTWITTER_CONSUMER_KEY=\nTWITTER_CONSUMER_SECRET=\nTWITTER_ACCESS_TOKEN=\nTWITTER_ACCESS_TOKEN_SECRET=\n\nQUERY_STRING=my super awesome query string!,google,android\n\nRANDOM_REPLY=Hi @${screenName} thanks for the follow! What are you working on today?|@${screenName} thanks for following! What are you working on today?\n\nRESULT_TYPE=mixed\nTWITTER_LANG=en\n\nTWITTER_RETWEET_RATE=.1\nTWITTER_SEARCH_COUNT=20\n```\n\nNote that `RANDOM_REPLY` is split with a pipe `|` and the `QUERY_STRING` is split by a comma `,` this is so that `RANDOM_REPLY` can have a comma in the reply text.\n\nIf you can not find the `.env` file in the file structure of your c9 project then you will need to enable the **`Show Hidden Files`** option. In the file view select the settings cog then tick the `Show Hidden Files` option if it is not already checked.\n\n![](/images/c9-hidden-files-check.gif)\n\nAdd your API keys to the `.env` file :key:\n\nThe `.env` file is where we can configure our bot, here we set what we want to search on, check out the [`twitter-bot-playground`][twee-bot-play] for information on Twitter search.\n\n`QUERY_STRING` should be what you want to retweet tweets on with the search terms separated with commas. `RANDOM_REPLY` again is comma separated replies with the ${ScreenName} which is replaced when replying to the follower. `TWITTER_RETWEET_RATE` is in minutes.\n\n<!--Link-->\n[twee-bot-play]: https://github.com/spences10/twitter-bot-playground#use-twitter-search\n\n>NOTE none of the `.env` items have quotes `''` round them or spaces between the key and the value `KEY=value`\n\n```text\nTWITTER_CONSUMER_KEY=Fw***********P9\nTWITTER_CONSUMER_SECRET=TD************Cq\nTWITTER_ACCESS_TOKEN=31**************UC\nTWITTER_ACCESS_TOKEN_SECRET=r0************S2\n\nQUERY_STRING=mango,horses,\"donald -trump -duck\"\nRANDOM_REPLY=Hi @${screenName} thanks for the follow! What are you working on today?,@${screenName} thanks for following! What are you working on today?\n\nRESULT_TYPE=mixed\nTWITTER_LANG=en\n\nTWITTER_RETWEET_RATE=120\nTWITTER_SEARCH_COUNT=20\n```\n\n![](/images/clone-and-install.gif)\n\nThat should be it. Go to the terminal, enter `npm start` and you should get some output:\n\n![](/images/bot-output.png)\n\nCheck the Twitter account:\n\n![](/images/twitter-account.png)\n\nYou now have a tweet bot, if you want to have this deployed so it's not just running from your machine or from the c9 machine [which is against their terms of service] then we can go over that next.\n\n## Deploy with now\n\nGot your [Zeit account](https://zeit.co/login) set up? Now is the time if not, then install `now` from the terminal:\n\n```shell\nnpm i -g now\n```\n\nThen `now` from the terminal and you will be prompted to enter your email, you will be sent a confirmation email, click the link and you're ready to go!\n\n![](/images/now-setup-deploy.gif)\n\nIf you take a look at the `package.json` file in the `\"scripts\"` section you see there is one for `\"deploy\"` this is the command to deploy the bot to `now`, so from the terminal:\n\n```shell\nnpm run deploy\n```\n\nThis will use all our environment variables we defined within our `.env` file for use on the now servers.\n\nYou will get terminal output with a URL for where your bot is located, click the link and you can watch it get built.\n\n## Handy tip\nIf you want to add this to your own GitHub repo and don't want to share your API keys :key: with the world then you should turn off tracking on the `.env` file. From the terminal enter this git command:\n\n```shell\ngit update-index --assume-unchanged .env\n```\n\nI have added my most used git commands I use in this [repo][cheetsheets] I use it on a daily basis, please feel free to use it.\n\n<!--link-->\n[cheetsheets]: https://github.com/spences10/cheat-sheets/blob/master/git.md\n\n## Links\n\nCredit for the inspiration for this should go to [@amanhimself](https://twitter.com/amanhimself) and his posts on creating your own twitter bot.\n\n* [create-a-simple-twitter-bot-with-node-js](https://hackernoon.com/create-a-simple-twitter-bot-with-node-js-5b14eb006c08#.flysreo60)\n\n* [how-to-make-a-twitter-bot-with-nodejs](https://chatbotslife.com/how-to-make-a-twitter-bot-with-nodejs-d5cb04fdbf97#.h5ah8dq5n)\n\n* [twitter-mctwitbot](https://medium.com/@spences10/twitter-mctwitbot-4d15cd005dc0#.dp9q5f427)\n\n* [awesome-twitter-bots](https://github.com/amandeepmittal/awesome-twitter-bots)\n\n---\n\n## License\n\nMIT License\n\nCopyright (c) 2017, Scott Spence. All rights reserved.\n"
      readmeFilename: "README.md"
      gitHead: "81bc91cf996ece2ec3a49bc589015d1f076444e6"
      _id: "twitter-bot-bootstrap@0.2.1"
  312 debug pnpm:progress: 
    pkgId: "registry.npmjs.org/balanced-match/1.0.0"
    status: "found_in_store"
  313 debug pnpm:progress: 
    pkgId: "registry.npmjs.org/concat-map/0.0.1"
    status: "found_in_store"
  314 info pnpm:root: 
    removed: 
      dependencyType: "prod"
      name: "dotenv"
      version: "6.0.0"
  315 info pnpm:root: 
    removed: 
      dependencyType: "prod"
      name: "twit"
      version: "2.2.11"
  316 info pnpm:root: 
    removed: 
      dependencyType: "prod"
      name: "unique-random-array"
      version: "1.0.1"
  317 info pnpm:root: 
    removed: 
      dependencyType: "prod"
      name: "snyk"
      version: "1.88.2"
  318 debug pnpm:stats: 
    prefix: "/app"
    removed: 240
  319 debug pnpm:stage: "importing_started"
  320 debug pnpm:stats: 
    added: 0
    prefix: "/app"
  321 debug pnpm:stage: "importing_done"
  322 info pnpm:summary: {}
  323 error pnpm: 
    message: 
      errno: 1
      code: "ELIFECYCLE"
      pkgid: "twitter-bot-bootstrap@0.2.1"
      stage: "prepublish"
      script: "npm run snyk-protect"
      pkgname: "twitter-bot-bootstrap"
    err: 
      name: "Error"
      message: "twitter-bot-bootstrap@0.2.1 prepublish: `npm run snyk-protect`\nExit status 1"
      code: "ELIFECYCLE"
      stack: "Error: twitter-bot-bootstrap@0.2.1 prepublish: `npm run snyk-protect`\nExit status 1\n    at EventEmitter.<anonymous> (/home/nvm/pnpm/lib/node_modules/pnpm/lib/node_modules/npm-lifecycle/index.js:304:16)\n    at emitTwo (events.js:126:13)\n    at EventEmitter.emit (events.js:214:7)\n    at ChildProcess.<anonymous> (/home/nvm/pnpm/lib/node_modules/pnpm/lib/node_modules/npm-lifecycle/lib/spawn.js:55:14)\n    at emitTwo (events.js:126:13)\n    at ChildProcess.emit (events.js:214:7)\n    at maybeClose (internal/child_process.js:925:16)\n    at Process.ChildProcess._handle.onexit (internal/child_process.js:209:5)"
